<?xml version="1.0" encoding="UTF-8"?>
<!-- Generated by org.testng.reporters.JUnitReportReporter -->
<testsuite hostname="Fininfocom" failures="0" tests="6" name="com.webOrder.testPages.SignUpPageTest" time="7.222" errors="0" timestamp="2021-03-30T16:09:21 IST" skipped="0">
  <testcase classname="com.webOrder.testPages.SignUpPageTest" name="verify_clickOnBrowse_Menu" time="6.104"/>
  <system-out/>
  <testcase classname="com.webOrder.testPages.SignUpPageTest" name="verify_clickOnLogin" time="0.047"/>
  <system-out/>
  <testcase classname="com.webOrder.testPages.SignUpPageTest" name="verify_clickOnSignUp_login" time="0.258"/>
  <system-out/>
  <testcase classname="com.webOrder.testPages.SignUpPageTest" name="verify_fillUpSignup" time="0.655"/>
  <system-out/>
  <testcase classname="com.webOrder.testPages.SignUpPageTest" name="verify_clickOnSignMeUp" time="0.088"/>
  <system-out/>
  <testcase classname="com.webOrder.testPages.SignUpPageTest" name="verify_clickOnContinueAsGuest" time="0.070"/>
  <system-out/>
</testsuite> <!-- com.webOrder.testPages.SignUpPageTest -->
