<?xml version="1.0" encoding="UTF-8"?>
<!-- Generated by org.testng.reporters.JUnitReportReporter -->
<testsuite hostname="Fininfocom" failures="0" tests="3" name="com.webOrder.testPages.LoginPageTest" time="6.595" errors="0" timestamp="2021-03-30T16:09:21 IST" skipped="0">
  <testcase classname="com.webOrder.testPages.LoginPageTest" name="Verify_clickOnBrowse_Menu" time="6.060"/>
  <system-out/>
  <testcase classname="com.webOrder.testPages.LoginPageTest" name="Verify_ClickOnLogin" time="0.048"/>
  <system-out/>
  <testcase classname="com.webOrder.testPages.LoginPageTest" name="verify_clickOnLogincreds" time="0.487"/>
  <system-out/>
</testsuite> <!-- com.webOrder.testPages.LoginPageTest -->
