<?xml version="1.0" encoding="UTF-8"?>
<!-- Generated by org.testng.reporters.JUnitReportReporter -->
<testsuite hostname="Fininfocom" failures="0" tests="5" name="com.webOrder.testPages.ForgotPassword" time="17.064" errors="0" timestamp="2021-03-30T16:09:21 IST" skipped="0">
  <testcase classname="com.webOrder.testPages.ForgotPassword" name="verify_clickOnBrowse_Menu" time="6.064"/>
  <system-out/>
  <testcase classname="com.webOrder.testPages.ForgotPassword" name="verify_clickOnLogin" time="0.054"/>
  <system-out/>
  <testcase classname="com.webOrder.testPages.ForgotPassword" name="verify_clickOnForgotPassword" time="0.675"/>
  <system-out/>
  <testcase classname="com.webOrder.testPages.ForgotPassword" name="verify_enterDetailsInEmail" time="10.153"/>
  <system-out/>
  <testcase classname="com.webOrder.testPages.ForgotPassword" name="verify_clickOnSubmit" time="0.118"/>
  <system-out/>
</testsuite> <!-- com.webOrder.testPages.ForgotPassword -->
