<?xml version="1.0" encoding="UTF-8"?>
<!-- Generated by org.testng.reporters.JUnitReportReporter -->
<testsuite hostname="Fininfocom" failures="0" tests="6" name="com.epos.TestPages.LoginPageTest" time="240.845" errors="0" timestamp="2021-03-18T13:31:21 IST" skipped="0">
  <testcase classname="com.epos.TestPages.LoginPageTest" name="LoginpageTitleTest" time="0.045"/>
  <system-out/>
  <testcase classname="com.epos.TestPages.LoginPageTest" name="validateimageTest" time="0.069"/>
  <system-out/>
  <testcase classname="com.epos.TestPages.LoginPageTest" name="LoginTest" time="0.276"/>
  <system-out/>
  <testcase classname="com.epos.TestPages.LoginPageTest" name="dpResturantNameTest" time="0.304"/>
  <system-out/>
  <testcase classname="com.epos.TestPages.LoginPageTest" name="booleanCaptchatTest" time="240.090"/>
  <system-out/>
  <testcase classname="com.epos.TestPages.LoginPageTest" name="LoginButtonTest" time="0.061"/>
  <system-out/>
</testsuite> <!-- com.epos.TestPages.LoginPageTest -->
