<?xml version="1.0" encoding="UTF-8"?>
<!-- Generated by org.testng.reporters.JUnitReportReporter -->
<testsuite hostname="Fininfocom" failures="0" tests="1" name="com.webOrder.testPages.DemoTc" time="16.410" errors="0" timestamp="2021-04-01T12:29:01 IST" skipped="0">
  <testcase classname="com.webOrder.testPages.DemoTc" name="DemoMethod" time="16.410"/>
  <system-out/>
</testsuite> <!-- com.webOrder.testPages.DemoTc -->
