<?xml version="1.0" encoding="UTF-8"?>
<!-- Generated by org.testng.reporters.JUnitReportReporter -->
<testsuite hostname="Fininfocom" failures="0" tests="6" name="com.webOrder.testPages.ContinuAsGuestPageTest" time="7.109" errors="0" timestamp="2021-03-30T16:09:21 IST" skipped="0">
  <testcase classname="com.webOrder.testPages.ContinuAsGuestPageTest" name="verify_clickOnBrowse_Menu" time="6.107"/>
  <system-out/>
  <testcase classname="com.webOrder.testPages.ContinuAsGuestPageTest" name="verify_clickOnLogin" time="0.076"/>
  <system-out/>
  <testcase classname="com.webOrder.testPages.ContinuAsGuestPageTest" name="verify_clickOnSignUp_login" time="0.252"/>
  <system-out/>
  <testcase classname="com.webOrder.testPages.ContinuAsGuestPageTest" name="verify_clickOnContinueAsGuest" time="0.115"/>
  <system-out/>
  <testcase classname="com.webOrder.testPages.ContinuAsGuestPageTest" name="verify_enterDeatilsinContinueAsGuest" time="0.505"/>
  <system-out/>
  <testcase classname="com.webOrder.testPages.ContinuAsGuestPageTest" name="verify_clickOnContinueAsGuest_CAG" time="0.054"/>
  <system-out/>
</testsuite> <!-- com.webOrder.testPages.ContinuAsGuestPageTest -->
