<?xml version="1.0" encoding="UTF-8"?>
<!-- Generated by org.testng.reporters.JUnitReportReporter -->
<testsuite hostname="Fininfocom" failures="0" tests="5" name="com.webOrder.testPages.DeliveryAddressPageTest" time="47.292" errors="0" timestamp="2021-04-05T17:34:50 IST" skipped="0">
  <testcase classname="com.webOrder.testPages.DeliveryAddressPageTest" name="verify_ClickOnProceed" time="10.836"/>
  <system-out/>
  <testcase classname="com.webOrder.testPages.DeliveryAddressPageTest" name="verify_clickOnItems" time="20.602"/>
  <system-out/>
  <testcase classname="com.webOrder.testPages.DeliveryAddressPageTest" name="verify_clickOnCartCheckOut" time="0.858"/>
  <system-out/>
  <testcase classname="com.webOrder.testPages.DeliveryAddressPageTest" name="verify_clickOnContinuAsGuest" time="6.271"/>
  <system-out/>
  <testcase classname="com.webOrder.testPages.DeliveryAddressPageTest" name="verify_clickOnCustomAddress" time="8.725"/>
  <system-out/>
</testsuite> <!-- com.webOrder.testPages.DeliveryAddressPageTest -->
